[debug] [2021-04-15T06:57:21.304Z] ----------------------------------------------------------------------
[debug] [2021-04-15T06:57:21.405Z] Command:       C:\Program Files\nodejs\node.exe C:\Users\Johnson\AppData\Local\Yarn\Data\global\node_modules\firebase-tools\lib\bin\firebase.js init
[debug] [2021-04-15T06:57:21.407Z] CLI Version:   9.0.0
[debug] [2021-04-15T06:57:21.407Z] Platform:      win32
[debug] [2021-04-15T06:57:21.408Z] Node Version:  v14.15.1
[debug] [2021-04-15T06:57:22.066Z] Time:          Thu Apr 15 2021 07:57:21 GMT+0100 (West Africa Standard Time)
[debug] [2021-04-15T06:57:22.067Z] ----------------------------------------------------------------------
[debug] [2021-04-15T06:57:22.068Z] 
[debug] [2021-04-15T06:57:22.108Z] >>> [apiv2][query] GET https://firebase-public.firebaseio.com/cli.json [none]
[debug] [2021-04-15T06:57:23.587Z] > command requires scopes: ["email","openid","https://www.googleapis.com/auth/cloudplatformprojects.readonly","https://www.googleapis.com/auth/firebase","https://www.googleapis.com/auth/cloud-platform"]
[debug] [2021-04-15T06:57:23.590Z] > authorizing via signed-in user
[info] 
     ######## #### ########  ######## ########     ###     ######  ########
     ##        ##  ##     ## ##       ##     ##  ##   ##  ##       ##
     ######    ##  ########  ######   ########  #########  ######  ######
     ##        ##  ##    ##  ##       ##     ## ##     ##       ## ##
     ##       #### ##     ## ######## ########  ##     ##  ######  ########

You're about to initialize a Firebase project in this directory:

  C:\Users\Johnson\Desktop\Devloper\we-shall-not-die

[debug] [2021-04-15T06:57:27.532Z] <<< [apiv2][status] GET https://firebase-public.firebaseio.com/cli.json 200
[debug] [2021-04-15T06:57:27.534Z] <<< [apiv2][body] GET https://firebase-public.firebaseio.com/cli.json {"cloudBuildErrorAfter":1594252800000,"cloudBuildWarnAfter":1590019200000,"defaultNode10After":1594252800000,"minVersion":"3.0.5","node8DeploysDisabledAfter":1613390400000,"node8RuntimeDisabledAfter":1615809600000,"node8WarnAfter":1600128000000}
